[2019-05-22T17:14:35.330] [INFO] responseLog - 
*************** response log start ***************
request method: POST
request originalUrl:  /user/GetUserInfo1
request client ip:  127.0.0.1
request body: 
{}
response time: 4483
response status: 401
response body: 
undefined
*************** response log end ***************

[2019-05-22T17:14:42.623] [INFO] responseLog - 
*************** response log start ***************
request method: POST
request originalUrl:  /user/GetUserInfo1
request client ip:  127.0.0.1
request body: 
{}
response time: 3
response status: 401
response body: 
undefined
*************** response log end ***************

[2019-05-22T17:14:45.106] [INFO] responseLog - 
*************** response log start ***************
request method: POST
request originalUrl:  /user/GetUserInfo1
request client ip:  127.0.0.1
request body: 
{}
response time: 2
response status: 401
response body: 
undefined
*************** response log end ***************

[2019-05-22T17:19:23.848] [INFO] responseLog - 
*************** response log start ***************
request method: POST
request originalUrl:  /user/GetUserInfo1
request client ip:  127.0.0.1
request body: 
{}
response time: 12406
response status: 200
response body: 
undefined
*************** response log end ***************

[2019-05-22T17:19:58.223] [INFO] responseLog - 
*************** response log start ***************
request method: POST
request originalUrl:  /user/GetUserInfo1
request client ip:  127.0.0.1
request body: 
{}
response time: 3
response status: 200
response body: 
undefined
*************** response log end ***************

[2019-05-22T17:20:15.007] [INFO] responseLog - 
*************** response log start ***************
request method: POST
request originalUrl:  /user/GetUserInfo1
request client ip:  127.0.0.1
request body: 
{}
response time: 1
response status: 200
response body: 
undefined
*************** response log end ***************

[2019-05-22T17:54:51.478] [INFO] responseLog - 
*************** response log start ***************
request method: POST
request originalUrl:  /user/GetUserInfo1
request client ip:  127.0.0.1
request body: 
{}
response time: 14
response status: 403
response body: 
undefined
*************** response log end ***************

[2019-05-22T17:54:57.401] [INFO] responseLog - 
*************** response log start ***************
request method: POST
request originalUrl:  /user/GetUserInfo
request client ip:  127.0.0.1
request body: 
{}
response time: 3
response status: 403
response body: 
undefined
*************** response log end ***************

[2019-05-22T17:57:05.180] [INFO] responseLog - 
*************** response log start ***************
request method: POST
request originalUrl:  /user/GetUserInfo
request client ip:  127.0.0.1
request body: 
{}
response time: 10
response status: 403
response body: 
undefined
*************** response log end ***************

[2019-05-22T17:57:27.264] [INFO] responseLog - 
*************** response log start ***************
request method: POST
request originalUrl:  /login1
request client ip:  127.0.0.1
request body: 
{}
response time: 2
response status: 403
response body: 
undefined
*************** response log end ***************

[2019-05-22T17:57:45.767] [INFO] responseLog - 
*************** response log start ***************
request method: POST
request originalUrl:  /login
request client ip:  127.0.0.1
request body: 
{}
response time: 3
response status: 200
response body: 
undefined
*************** response log end ***************

[2019-05-22T17:58:29.917] [INFO] responseLog - 
*************** response log start ***************
request method: POST
request originalUrl:  /login
request client ip:  127.0.0.1
request body: 
{}
response time: 2
response status: 200
response body: 
undefined
*************** response log end ***************

[2019-05-22T17:58:41.469] [INFO] responseLog - 
*************** response log start ***************
request method: POST
request originalUrl:  /login
request client ip:  127.0.0.1
request body: 
{}
response time: 1
response status: 200
response body: 
undefined
*************** response log end ***************

[2019-05-22T18:06:52.752] [INFO] responseLog - 
*************** response log start ***************
request method: POST
request originalUrl:  /login
request client ip:  127.0.0.1
request body: 
{}
response time: 12
response status: 403
response body: 
undefined
*************** response log end ***************

[2019-05-22T18:09:52.669] [INFO] responseLog - 
*************** response log start ***************
request method: POST
request originalUrl:  /login
request client ip:  127.0.0.1
request body: 
{}
response time: 8
response status: 200
response body: 
undefined
*************** response log end ***************

[2019-05-22T18:10:00.584] [INFO] responseLog - 
*************** response log start ***************
request method: POST
request originalUrl:  /user/GetUserInfo
request client ip:  127.0.0.1
request body: 
{}
response time: 4
response status: 403
response body: 
undefined
*************** response log end ***************

[2019-05-22T18:10:13.734] [INFO] responseLog - 
*************** response log start ***************
request method: POST
request originalUrl:  /user/GetUserInfo
request client ip:  127.0.0.1
request body: 
{}
response time: 2
response status: 403
response body: 
undefined
*************** response log end ***************

[2019-05-22T18:10:15.398] [INFO] responseLog - 
*************** response log start ***************
request method: POST
request originalUrl:  /user/GetUserInfo
request client ip:  127.0.0.1
request body: 
{}
response time: 3
response status: 403
response body: 
undefined
*************** response log end ***************

[2019-05-22T19:06:25.462] [INFO] responseLog - 
*************** response log start ***************
request method: POST
request originalUrl:  /user/GetUserInfo
request client ip:  127.0.0.1
request body: 
{}
response time: 14
response status: 403
response body: 
undefined
*************** response log end ***************

[2019-05-22T19:06:47.575] [INFO] responseLog - 
*************** response log start ***************
request method: POST
request originalUrl:  /user/GetUserInfo
request client ip:  127.0.0.1
request body: 
{}
response time: 3
response status: 403
response body: 
undefined
*************** response log end ***************

[2019-05-22T19:44:25.869] [INFO] responseLog - 
*************** response log start ***************
request method: POST
request originalUrl:  /login
request client ip:  127.0.0.1
request body: 
{}
response time: 12
response status: 403
response body: 
undefined
*************** response log end ***************

[2019-05-22T19:44:34.281] [INFO] responseLog - 
*************** response log start ***************
request method: POST
request originalUrl:  /login
request client ip:  127.0.0.1
request body: 
{}
response time: 3
response status: 403
response body: 
undefined
*************** response log end ***************

[2019-05-22T19:44:35.622] [INFO] responseLog - 
*************** response log start ***************
request method: POST
request originalUrl:  /login
request client ip:  127.0.0.1
request body: 
{}
response time: 2
response status: 403
response body: 
undefined
*************** response log end ***************

[2019-05-22T19:44:36.807] [INFO] responseLog - 
*************** response log start ***************
request method: POST
request originalUrl:  /login
request client ip:  127.0.0.1
request body: 
{}
response time: 2
response status: 403
response body: 
undefined
*************** response log end ***************

[2019-05-22T19:45:58.992] [INFO] responseLog - 
*************** response log start ***************
request method: POST
request originalUrl:  /login
request client ip:  127.0.0.1
request body: 
{}
response time: 10
response status: 403
response body: 
undefined
*************** response log end ***************

[2019-05-22T19:46:30.722] [INFO] responseLog - 
*************** response log start ***************
request method: POST
request originalUrl:  /login
request client ip:  127.0.0.1
request body: 
{}
response time: 4
response status: 403
response body: 
undefined
*************** response log end ***************

[2019-05-22T19:47:03.699] [INFO] responseLog - 
*************** response log start ***************
request method: POST
request originalUrl:  /login
request client ip:  127.0.0.1
request body: 
{}
response time: 1
response status: 200
response body: 
undefined
*************** response log end ***************

[2019-05-22T19:47:21.326] [INFO] responseLog - 
*************** response log start ***************
request method: POST
request originalUrl:  /login
request client ip:  127.0.0.1
request body: 
{}
response time: 8
response status: 200
response body: 
undefined
*************** response log end ***************

[2019-05-22T19:47:32.255] [INFO] responseLog - 
*************** response log start ***************
request method: POST
request originalUrl:  /login
request client ip:  127.0.0.1
request body: 
{}
response time: 2
response status: 200
response body: 
undefined
*************** response log end ***************

[2019-05-22T19:47:38.763] [INFO] responseLog - 
*************** response log start ***************
request method: POST
request originalUrl:  /user/GetUserInfo
request client ip:  127.0.0.1
request body: 
{}
response time: 4
response status: 403
response body: 
undefined
*************** response log end ***************

[2019-05-22T20:00:57.137] [INFO] responseLog - 
*************** response log start ***************
request method: POST
request originalUrl:  /login
request client ip:  127.0.0.1
request body: 
{"Body":{}}
response time: 1
response status: 200
response body: 
undefined
*************** response log end ***************

[2019-05-22T20:05:34.809] [INFO] responseLog - 
*************** response log start ***************
request method: POST
request originalUrl:  /login
request client ip:  127.0.0.1
request body: 
{}
response time: 41
response status: 403
response body: 
undefined
*************** response log end ***************

[2019-05-22T20:05:49.000] [INFO] responseLog - 
*************** response log start ***************
request method: POST
request originalUrl:  /login
request client ip:  127.0.0.1
request body: 
{}
response time: 3
response status: 403
response body: 
undefined
*************** response log end ***************

[2019-05-22T20:08:12.825] [INFO] responseLog - 
*************** response log start ***************
request method: POST
request originalUrl:  /login
request client ip:  127.0.0.1
request body: 
{"Body":{}}
response time: 6
response status: 403
response body: 
undefined
*************** response log end ***************

[2019-05-22T20:08:33.759] [INFO] responseLog - 
*************** response log start ***************
request method: POST
request originalUrl:  /login
request client ip:  127.0.0.1
request body: 
{"Body":{}}
response time: 3
response status: 403
response body: 
undefined
*************** response log end ***************

[2019-05-22T20:10:13.435] [INFO] responseLog - 
*************** response log start ***************
request method: POST
request originalUrl:  /login
request client ip:  127.0.0.1
request body: 
{"Body":{}}
response time: 2
response status: 200
response body: 
undefined
*************** response log end ***************

