[2019-05-23T09:20:27.059] [INFO] responseLog - 
*************** response log start ***************
request method: POST
request originalUrl:  /login
request client ip:  127.0.0.1
request body: 
{"Body":{}}
response time: 2
response status: 200
response body: 
undefined
*************** response log end ***************

[2019-05-23T15:17:01.593] [INFO] responseLog - 
*************** response log start ***************
request method: POST
request originalUrl:  /login
request client ip:  127.0.0.1
request body: 
{}
response time: 7
response status: 200
response body: 
undefined
*************** response log end ***************

[2019-05-23T15:17:03.085] [INFO] responseLog - 
*************** response log start ***************
request method: POST
request originalUrl:  /login
request client ip:  127.0.0.1
request body: 
{}
response time: 3
response status: 200
response body: 
undefined
*************** response log end ***************

[2019-05-23T16:55:06.203] [INFO] responseLog - 
*************** response log start ***************
request method: POST
request originalUrl:  /user/Login
request client ip:  127.0.0.1
request body: 
{}
response time: 15
response status: 403
response body: 
undefined
*************** response log end ***************

[2019-05-23T16:55:26.472] [INFO] responseLog - 
*************** response log start ***************
request method: POST
request originalUrl:  /user/Login
request client ip:  127.0.0.1
request body: 
{}
response time: 3
response status: 403
response body: 
undefined
*************** response log end ***************

[2019-05-23T16:55:47.595] [INFO] responseLog - 
*************** response log start ***************
request method: POST
request originalUrl:  /user/Login
request client ip:  127.0.0.1
request body: 
{}
response time: 1
response status: 403
response body: 
undefined
*************** response log end ***************

[2019-05-23T16:56:36.849] [INFO] responseLog - 
*************** response log start ***************
request method: POST
request originalUrl:  /user/Login
request client ip:  127.0.0.1
request body: 
{}
response time: 4
response status: 403
response body: 
undefined
*************** response log end ***************

[2019-05-23T16:58:05.036] [INFO] responseLog - 
*************** response log start ***************
request method: POST
request originalUrl:  /user/Login
request client ip:  127.0.0.1
request body: 
{"Body":{}}
response time: 4
response status: 403
response body: 
undefined
*************** response log end ***************

[2019-05-23T16:58:14.145] [INFO] responseLog - 
*************** response log start ***************
request method: POST
request originalUrl:  /user/Login
request client ip:  127.0.0.1
request body: 
{"Body":{}}
response time: 4
response status: 403
response body: 
undefined
*************** response log end ***************

[2019-05-23T17:01:34.964] [INFO] responseLog - 
*************** response log start ***************
request method: POST
request originalUrl:  /user/Login
request client ip:  127.0.0.1
request body: 
{}
response time: 8
response status: 403
response body: 
undefined
*************** response log end ***************

[2019-05-23T17:01:36.383] [INFO] responseLog - 
*************** response log start ***************
request method: POST
request originalUrl:  /user/Login
request client ip:  127.0.0.1
request body: 
{}
response time: 2
response status: 403
response body: 
undefined
*************** response log end ***************

[2019-05-23T17:18:57.830] [INFO] responseLog - 
*************** response log start ***************
request method: POST
request originalUrl:  /user/GetUserInfo
request client ip:  127.0.0.1
request body: 
{}
response time: 4
response status: 403
response body: 
undefined
*************** response log end ***************

[2019-05-23T17:19:03.428] [INFO] responseLog - 
*************** response log start ***************
request method: POST
request originalUrl:  /user/get-csrf-token
request client ip:  127.0.0.1
request body: 
{}
response time: 2
response status: 403
response body: 
undefined
*************** response log end ***************

[2019-05-23T17:26:17.822] [INFO] responseLog - 
*************** response log start ***************
request method: POST
request originalUrl:  /user/Login
request client ip:  127.0.0.1
request body: 
{"Body":{}}
response time: 12
response status: 403
response body: 
undefined
*************** response log end ***************

[2019-05-23T17:27:00.834] [INFO] responseLog - 
*************** response log start ***************
request method: POST
request originalUrl:  /user/Login
request client ip:  127.0.0.1
request body: 
{"Body":{}}
response time: 4
response status: 403
response body: 
undefined
*************** response log end ***************

[2019-05-23T17:27:50.690] [INFO] responseLog - 
*************** response log start ***************
request method: POST
request originalUrl:  /user/GetUserInfo
request client ip:  127.0.0.1
request body: 
{"Body":{}}
response time: 2
response status: 403
response body: 
undefined
*************** response log end ***************

[2019-05-23T17:28:00.286] [INFO] responseLog - 
*************** response log start ***************
request method: POST
request originalUrl:  /user/GetUserInfo
request client ip:  127.0.0.1
request body: 
{"Body":{}}
response time: 2
response status: 403
response body: 
undefined
*************** response log end ***************

[2019-05-23T17:28:36.941] [INFO] responseLog - 
*************** response log start ***************
request method: POST
request originalUrl:  /user/GetUserInfo
request client ip:  127.0.0.1
request body: 
{"Body":{}}
response time: 5
response status: 403
response body: 
undefined
*************** response log end ***************

[2019-05-23T17:30:36.606] [INFO] responseLog - 
*************** response log start ***************
request method: POST
request originalUrl:  /user/GetUserInfo
request client ip:  127.0.0.1
request body: 
{"Body":{}}
response time: 6
response status: 403
response body: 
undefined
*************** response log end ***************

[2019-05-23T18:50:10.787] [INFO] responseLog - 
*************** response log start ***************
request method: POST
request originalUrl:  /login
request client ip:  127.0.0.1
request body: 
{"Body":{}}
response time: 10
response status: 200
response body: 
undefined
*************** response log end ***************

[2019-05-23T18:50:17.041] [INFO] responseLog - 
*************** response log start ***************
request method: POST
request originalUrl:  /login
request client ip:  127.0.0.1
request body: 
{"Body":{}}
response time: 2
response status: 200
response body: 
undefined
*************** response log end ***************

[2019-05-23T20:15:34.569] [INFO] responseLog - 
*************** response log start ***************
request method: POST
request originalUrl:  /login
request client ip:  127.0.0.1
request body: 
{"Body":{}}
response time: 5
response status: 200
response body: 
undefined
*************** response log end ***************

[2019-05-23T20:16:13.965] [INFO] responseLog - 
*************** response log start ***************
request method: POST
request originalUrl:  /login
request client ip:  127.0.0.1
request body: 
{"Body":{}}
response time: 2
response status: 200
response body: 
undefined
*************** response log end ***************

[2019-05-23T20:16:27.752] [INFO] responseLog - 
*************** response log start ***************
request method: POST
request originalUrl:  /login
request client ip:  127.0.0.1
request body: 
{"Body":{}}
response time: 2
response status: 200
response body: 
undefined
*************** response log end ***************

[2019-05-23T20:23:40.164] [INFO] responseLog - 
*************** response log start ***************
request method: POST
request originalUrl:  /login
request client ip:  127.0.0.1
request body: 
{"Body":{}}
response time: 15
response status: 200
response body: 
undefined
*************** response log end ***************

[2019-05-23T20:25:18.974] [INFO] responseLog - 
*************** response log start ***************
request method: POST
request originalUrl:  /login
request client ip:  127.0.0.1
request body: 
{"Body":{}}
response time: 2
response status: 200
response body: 
undefined
*************** response log end ***************

[2019-05-23T20:27:06.895] [INFO] responseLog - 
*************** response log start ***************
request method: POST
request originalUrl:  /login
request client ip:  127.0.0.1
request body: 
{"Body":{}}
response time: 2
response status: 200
response body: 
undefined
*************** response log end ***************

[2019-05-23T20:32:24.094] [INFO] responseLog - 
*************** response log start ***************
request method: POST
request originalUrl:  /login
request client ip:  127.0.0.1
request body: 
{"Body":{}}
response time: 5
response status: 200
response body: 
undefined
*************** response log end ***************

[2019-05-23T20:42:46.633] [INFO] responseLog - 
*************** response log start ***************
request method: POST
request originalUrl:  /login
request client ip:  127.0.0.1
request body: 
{"Body":{}}
response time: 27
response status: 200
response body: 
undefined
*************** response log end ***************

