[2019-05-21T21:51:38.841] [INFO] responseLog - 
*************** response log start ***************
request method: POST
request originalUrl:  /user/GetUserInfo
request client ip:  127.0.0.1
request body: 
{}
response time: 0
response status: 200
response body: 
undefined
*************** response log end ***************

[2019-05-21T21:52:36.824] [INFO] responseLog - 
*************** response log start ***************
request method: POST
request originalUrl:  /user/GetUserInfo
request client ip:  127.0.0.1
request body: 
{}
response time: 0
response status: 401
response body: 
undefined
*************** response log end ***************

[2019-05-21T21:56:05.953] [INFO] responseLog - 
*************** response log start ***************
request method: POST
request originalUrl:  /user/GetUserInfo
request client ip:  127.0.0.1
request body: 
{}
response time: 17
response status: 401
response body: 
undefined
*************** response log end ***************

[2019-05-21T22:14:52.186] [INFO] responseLog - 
*************** response log start ***************
request method: POST
request originalUrl:  /user/GetUserInfo
request client ip:  127.0.0.1
request body: 
{}
response time: 30636
response status: 401
response body: 
undefined
*************** response log end ***************

[2019-05-21T22:16:17.416] [INFO] responseLog - 
*************** response log start ***************
request method: POST
request originalUrl:  /user/GetUserInfo
request client ip:  127.0.0.1
request body: 
{}
response time: 7559
response status: 200
response body: 
undefined
*************** response log end ***************

[2019-05-21T22:16:49.168] [INFO] responseLog - 
*************** response log start ***************
request method: POST
request originalUrl:  /user/GetUserInfo
request client ip:  127.0.0.1
request body: 
{}
response time: 5466
response status: 200
response body: 
undefined
*************** response log end ***************

[2019-05-21T22:17:38.969] [INFO] responseLog - 
*************** response log start ***************
request method: POST
request originalUrl:  /user/GetUserInfo
request client ip:  127.0.0.1
request body: 
{}
response time: 5701
response status: 200
response body: 
undefined
*************** response log end ***************

[2019-05-21T22:21:23.466] [INFO] responseLog - 
*************** response log start ***************
request method: POST
request originalUrl:  /user/GetUserInfo
request client ip:  127.0.0.1
request body: 
{}
response time: 2802
response status: 200
response body: 
undefined
*************** response log end ***************

[2019-05-21T22:31:57.621] [INFO] responseLog - 
*************** response log start ***************
request method: POST
request originalUrl:  /user/GetUserInfo
request client ip:  127.0.0.1
request body: 
{}
response time: 10
response status: 200
response body: 
undefined
*************** response log end ***************

[2019-05-21T22:34:33.696] [INFO] responseLog - 
*************** response log start ***************
request method: POST
request originalUrl:  /user/GetUserInfo
request client ip:  127.0.0.1
request body: 
{}
response time: 4
response status: 200
response body: 
undefined
*************** response log end ***************

[2019-05-21T22:35:36.994] [INFO] responseLog - 
*************** response log start ***************
request method: POST
request originalUrl:  /api/user/GetUserInfo
request client ip:  127.0.0.1
request body: 
{}
response time: 10
response status: 401
response body: 
undefined
*************** response log end ***************

[2019-05-21T22:36:13.002] [INFO] responseLog - 
*************** response log start ***************
request method: POST
request originalUrl:  /api/user/GetUserInfo
request client ip:  127.0.0.1
request body: 
{}
response time: 5
response status: 200
response body: 
undefined
*************** response log end ***************

[2019-05-21T22:36:16.322] [INFO] responseLog - 
*************** response log start ***************
request method: POST
request originalUrl:  /api/user/GetUserInfo
request client ip:  127.0.0.1
request body: 
{}
response time: 1
response status: 200
response body: 
undefined
*************** response log end ***************

[2019-05-21T22:36:17.757] [INFO] responseLog - 
*************** response log start ***************
request method: POST
request originalUrl:  /api/user/GetUserInfo
request client ip:  127.0.0.1
request body: 
{}
response time: 0
response status: 200
response body: 
undefined
*************** response log end ***************

[2019-05-21T22:36:55.892] [INFO] responseLog - 
*************** response log start ***************
request method: POST
request originalUrl:  /api/user/GetUserInfo
request client ip:  127.0.0.1
request body: 
{}
response time: 22
response status: 401
response body: 
undefined
*************** response log end ***************

[2019-05-21T22:36:57.992] [INFO] responseLog - 
*************** response log start ***************
request method: POST
request originalUrl:  /api/user/GetUserInfo
request client ip:  127.0.0.1
request body: 
{}
response time: 3
response status: 401
response body: 
undefined
*************** response log end ***************

[2019-05-21T22:37:04.059] [INFO] responseLog - 
*************** response log start ***************
request method: POST
request originalUrl:  /user/GetUserInfo
request client ip:  127.0.0.1
request body: 
{}
response time: 3
response status: 200
response body: 
undefined
*************** response log end ***************

